Starting up http-server, serving .

http-server version: 14.1.1

http-server settings: 
CORS: disabled
Cache: 3600 seconds
Connection Timeout: 120 seconds
Directory Listings: visible
AutoIndex: visible
Serve GZIP Files: false
Serve Brotli Files: false
Default File Extension: none

Available on:
  http://127.0.0.1:8080
  http://10.8.23.22:8080
  http://100.96.192.66:8080
Hit CTRL-C to stop the server

[Tue Aug 26 2025 12:19:06 GMT+0800 (Philippine Standard Time)]  "GET /demo.html" "curl/8.7.1"
(node:10244) [DEP0066] DeprecationWarning: OutgoingMessage.prototype._headers is deprecated
(Use `node --trace-deprecation ...` to show where the warning was created)
[Tue Aug 26 2025 12:20:06 GMT+0800 (Philippine Standard Time)]  "GET /demo.html" "Mozilla/5.0 (Windows NT 10.0; Win64; x64) AppleWebKit/537.36 (KHTML, like Gecko) Chrome/140.0.7339.16 Safari/537.36"
[Tue Aug 26 2025 12:20:06 GMT+0800 (Philippine Standard Time)]  "GET /demo.html" "Mozilla/5.0 (Windows NT 10.0; Win64; x64) AppleWebKit/537.36 (KHTML, like Gecko) Chrome/140.0.7339.16 Safari/537.36"
[Tue Aug 26 2025 12:20:06 GMT+0800 (Philippine Standard Time)]  "GET /dist/jspreadsheet.css" "Mozilla/5.0 (Windows NT 10.0; Win64; x64) AppleWebKit/537.36 (KHTML, like Gecko) Chrome/140.0.7339.16 Safari/537.36"
[Tue Aug 26 2025 12:20:06 GMT+0800 (Philippine Standard Time)]  "GET /dist/jspreadsheet.css" "Mozilla/5.0 (Windows NT 10.0; Win64; x64) AppleWebKit/537.36 (KHTML, like Gecko) Chrome/140.0.7339.16 Safari/537.36"
[Tue Aug 26 2025 12:20:06 GMT+0800 (Philippine Standard Time)]  "GET /dist/jspreadsheet.themes.css" "Mozilla/5.0 (Windows NT 10.0; Win64; x64) AppleWebKit/537.36 (KHTML, like Gecko) Chrome/140.0.7339.16 Safari/537.36"
[Tue Aug 26 2025 12:20:06 GMT+0800 (Philippine Standard Time)]  "GET /node_modules/jsuites/dist/jsuites.css" "Mozilla/5.0 (Windows NT 10.0; Win64; x64) AppleWebKit/537.36 (KHTML, like Gecko) Chrome/140.0.7339.16 Safari/537.36"
[Tue Aug 26 2025 12:20:06 GMT+0800 (Philippine Standard Time)]  "GET /node_modules/jsuites/dist/jsuites.js" "Mozilla/5.0 (Windows NT 10.0; Win64; x64) AppleWebKit/537.36 (KHTML, like Gecko) Chrome/140.0.7339.16 Safari/537.36"
[Tue Aug 26 2025 12:20:06 GMT+0800 (Philippine Standard Time)]  "GET /dist/index.js" "Mozilla/5.0 (Windows NT 10.0; Win64; x64) AppleWebKit/537.36 (KHTML, like Gecko) Chrome/140.0.7339.16 Safari/537.36"
[Tue Aug 26 2025 12:20:06 GMT+0800 (Philippine Standard Time)]  "GET /dist/jspreadsheet.themes.css" "Mozilla/5.0 (Windows NT 10.0; Win64; x64) AppleWebKit/537.36 (KHTML, like Gecko) Chrome/140.0.7339.16 Safari/537.36"
[Tue Aug 26 2025 12:20:06 GMT+0800 (Philippine Standard Time)]  "GET /node_modules/jsuites/dist/jsuites.css" "Mozilla/5.0 (Windows NT 10.0; Win64; x64) AppleWebKit/537.36 (KHTML, like Gecko) Chrome/140.0.7339.16 Safari/537.36"
[Tue Aug 26 2025 12:20:06 GMT+0800 (Philippine Standard Time)]  "GET /node_modules/jsuites/dist/jsuites.js" "Mozilla/5.0 (Windows NT 10.0; Win64; x64) AppleWebKit/537.36 (KHTML, like Gecko) Chrome/140.0.7339.16 Safari/537.36"
[Tue Aug 26 2025 12:20:06 GMT+0800 (Philippine Standard Time)]  "GET /dist/index.js" "Mozilla/5.0 (Windows NT 10.0; Win64; x64) AppleWebKit/537.36 (KHTML, like Gecko) Chrome/140.0.7339.16 Safari/537.36"
[Tue Aug 26 2025 12:21:59 GMT+0800 (Philippine Standard Time)]  "GET /demo.html" "Mozilla/5.0 (Windows NT 10.0; Win64; x64) AppleWebKit/537.36 (KHTML, like Gecko) Chrome/140.0.7339.16 Safari/537.36"
[Tue Aug 26 2025 12:21:59 GMT+0800 (Philippine Standard Time)]  "GET /dist/jspreadsheet.css" "Mozilla/5.0 (Windows NT 10.0; Win64; x64) AppleWebKit/537.36 (KHTML, like Gecko) Chrome/140.0.7339.16 Safari/537.36"
[Tue Aug 26 2025 12:21:59 GMT+0800 (Philippine Standard Time)]  "GET /dist/jspreadsheet.themes.css" "Mozilla/5.0 (Windows NT 10.0; Win64; x64) AppleWebKit/537.36 (KHTML, like Gecko) Chrome/140.0.7339.16 Safari/537.36"
[Tue Aug 26 2025 12:21:59 GMT+0800 (Philippine Standard Time)]  "GET /node_modules/jsuites/dist/jsuites.css" "Mozilla/5.0 (Windows NT 10.0; Win64; x64) AppleWebKit/537.36 (KHTML, like Gecko) Chrome/140.0.7339.16 Safari/537.36"
[Tue Aug 26 2025 12:21:59 GMT+0800 (Philippine Standard Time)]  "GET /node_modules/jsuites/dist/jsuites.js" "Mozilla/5.0 (Windows NT 10.0; Win64; x64) AppleWebKit/537.36 (KHTML, like Gecko) Chrome/140.0.7339.16 Safari/537.36"
[Tue Aug 26 2025 12:21:59 GMT+0800 (Philippine Standard Time)]  "GET /dist/index.js" "Mozilla/5.0 (Windows NT 10.0; Win64; x64) AppleWebKit/537.36 (KHTML, like Gecko) Chrome/140.0.7339.16 Safari/537.36"
[Tue Aug 26 2025 12:22:28 GMT+0800 (Philippine Standard Time)]  "GET /demo.html" "Mozilla/5.0 (Windows NT 10.0; Win64; x64) AppleWebKit/537.36 (KHTML, like Gecko) Chrome/140.0.7339.16 Safari/537.36"
[Tue Aug 26 2025 12:22:28 GMT+0800 (Philippine Standard Time)]  "GET /dist/jspreadsheet.css" "Mozilla/5.0 (Windows NT 10.0; Win64; x64) AppleWebKit/537.36 (KHTML, like Gecko) Chrome/140.0.7339.16 Safari/537.36"
[Tue Aug 26 2025 12:22:28 GMT+0800 (Philippine Standard Time)]  "GET /dist/jspreadsheet.themes.css" "Mozilla/5.0 (Windows NT 10.0; Win64; x64) AppleWebKit/537.36 (KHTML, like Gecko) Chrome/140.0.7339.16 Safari/537.36"
[Tue Aug 26 2025 12:22:28 GMT+0800 (Philippine Standard Time)]  "GET /node_modules/jsuites/dist/jsuites.css" "Mozilla/5.0 (Windows NT 10.0; Win64; x64) AppleWebKit/537.36 (KHTML, like Gecko) Chrome/140.0.7339.16 Safari/537.36"
[Tue Aug 26 2025 12:22:28 GMT+0800 (Philippine Standard Time)]  "GET /node_modules/jsuites/dist/jsuites.js" "Mozilla/5.0 (Windows NT 10.0; Win64; x64) AppleWebKit/537.36 (KHTML, like Gecko) Chrome/140.0.7339.16 Safari/537.36"
[Tue Aug 26 2025 12:22:28 GMT+0800 (Philippine Standard Time)]  "GET /dist/index.js" "Mozilla/5.0 (Windows NT 10.0; Win64; x64) AppleWebKit/537.36 (KHTML, like Gecko) Chrome/140.0.7339.16 Safari/537.36"
[Tue Aug 26 2025 12:23:11 GMT+0800 (Philippine Standard Time)]  "GET /demo.html" "Mozilla/5.0 (Windows NT 10.0; Win64; x64) AppleWebKit/537.36 (KHTML, like Gecko) Chrome/140.0.7339.16 Safari/537.36"
[Tue Aug 26 2025 12:23:11 GMT+0800 (Philippine Standard Time)]  "GET /dist/jspreadsheet.css" "Mozilla/5.0 (Windows NT 10.0; Win64; x64) AppleWebKit/537.36 (KHTML, like Gecko) Chrome/140.0.7339.16 Safari/537.36"
[Tue Aug 26 2025 12:23:11 GMT+0800 (Philippine Standard Time)]  "GET /dist/jspreadsheet.themes.css" "Mozilla/5.0 (Windows NT 10.0; Win64; x64) AppleWebKit/537.36 (KHTML, like Gecko) Chrome/140.0.7339.16 Safari/537.36"
[Tue Aug 26 2025 12:23:11 GMT+0800 (Philippine Standard Time)]  "GET /node_modules/jsuites/dist/jsuites.css" "Mozilla/5.0 (Windows NT 10.0; Win64; x64) AppleWebKit/537.36 (KHTML, like Gecko) Chrome/140.0.7339.16 Safari/537.36"
[Tue Aug 26 2025 12:23:11 GMT+0800 (Philippine Standard Time)]  "GET /node_modules/jsuites/dist/jsuites.js" "Mozilla/5.0 (Windows NT 10.0; Win64; x64) AppleWebKit/537.36 (KHTML, like Gecko) Chrome/140.0.7339.16 Safari/537.36"
[Tue Aug 26 2025 12:23:11 GMT+0800 (Philippine Standard Time)]  "GET /dist/index.js" "Mozilla/5.0 (Windows NT 10.0; Win64; x64) AppleWebKit/537.36 (KHTML, like Gecko) Chrome/140.0.7339.16 Safari/537.36"
http-server stopped.
